ISim log file
Running: /home/luke/csse232/project/2021a-project-2v/implementation/aluIO/final_processor_tb_isim_beh.exe -intstyle ise -gui -tclbatch isim.cmd -view /home/luke/csse232/project/2021a-project-2v/implementation/processor-2v/final_processor_wave_config.wcfg -wdb /home/luke/csse232/project/2021a-project-2v/implementation/aluIO/final_processor_tb_isim_beh.wdb 
INFO: There is another simulation running in the same directory. Using database file name isim1.wdb.
ISim P.20131013 (signature 0xfbc00daa)
----------------------------------------------------------------------
INFO:Security:50 - The XILINXD_LICENSE_FILE environment variable is set to '2100@ise.csse.rose-hulman.edu'.
INFO:Security:53 - The LM_LICENSE_FILE environment variable is not set.
WARNING:Security:43 - No license file was found in the standard Xilinx license directory.
WARNING:Security:44 - Since no license file was found,
       please run the Xilinx License Configuration Manager
       (xlcm or "Manage Xilinx Licenses")
       to assist in obtaining a license.
WARNING:Security:42 - Your software subscription period has lapsed. Your current version of Xilinx tools will continue to function, but you no longer qualify for Xilinx software updates or new releases.


----------------------------------------------------------------------
This is a Full version of ISim.
WARNING:  For instance uut/adder/, width 4 of formal port Oper is not equal to width 32 of actual constant.
WARNING:  For instance uut/adder/, width 16 of formal port B is not equal to width 32 of actual constant.
WARNING:  For instance uut/inst_memory/, width 1 of formal port wea is not equal to width 32 of actual constant.
WARNING:  For instance uut/inst_memory/, width 16 of formal port dina is not equal to width 32 of actual constant.
Time resolution is 1 ps
# onerror resume
# run 1000 ns
Simulator is doing circuit initialization process.
 Block Memory Generator CORE Generator module loading initial data...
 Block Memory Generator data initialization complete.
Block Memory Generator CORE Generator module final_processor_tb.uut.inst_memory.inst.\native_mem_module.blk_mem_gen_v7_3_inst  is using a behavioral model for simulation which will not precisely model memory collision behavior.
 Block Memory Generator CORE Generator module loading initial data...
 Block Memory Generator data initialization complete.
Block Memory Generator CORE Generator module final_processor_tb.uut.data_memory.inst.\native_mem_module.blk_mem_gen_v7_3_inst  is using a behavioral model for simulation which will not precisely model memory collision behavior.
Finished circuit initialization process.
# run all
            20140000
FAIL: rel prime
FAILS           1 TESTS
Stopped at time : 19416920 ns : File "/home/luke/csse232/project/2021a-project-2v/implementation/aluIO/register_stack.v" Line 32
INFO: There is another simulation running in the same directory. Using database file name isim1.wdb.
ISim P.20131013 (signature 0xfbc00daa)
----------------------------------------------------------------------
INFO:Security:50 - The XILINXD_LICENSE_FILE environment variable is set to '2100@ise.csse.rose-hulman.edu'.
INFO:Security:53 - The LM_LICENSE_FILE environment variable is not set.
WARNING:Security:43 - No license file was found in the standard Xilinx license directory.
WARNING:Security:44 - Since no license file was found,
       please run the Xilinx License Configuration Manager
       (xlcm or "Manage Xilinx Licenses")
       to assist in obtaining a license.
WARNING:Security:42 - Your software subscription period has lapsed. Your current version of Xilinx tools will continue to function, but you no longer qualify for Xilinx software updates or new releases.


----------------------------------------------------------------------
This is a Full version of ISim.
WARNING:  For instance uut/adder/, width 4 of formal port Oper is not equal to width 32 of actual constant.
WARNING:  For instance uut/adder/, width 16 of formal port B is not equal to width 32 of actual constant.
WARNING:  For instance uut/inst_memory/, width 1 of formal port wea is not equal to width 32 of actual constant.
WARNING:  For instance uut/inst_memory/, width 16 of formal port dina is not equal to width 32 of actual constant.
# run 1000 ns
Simulator is doing circuit initialization process.
 Block Memory Generator CORE Generator module loading initial data...
 Block Memory Generator data initialization complete.
Block Memory Generator CORE Generator module final_processor_tb.uut.inst_memory.inst.\native_mem_module.blk_mem_gen_v7_3_inst  is using a behavioral model for simulation which will not precisely model memory collision behavior.
 Block Memory Generator CORE Generator module loading initial data...
 Block Memory Generator data initialization complete.
Block Memory Generator CORE Generator module final_processor_tb.uut.data_memory.inst.\native_mem_module.blk_mem_gen_v7_3_inst  is using a behavioral model for simulation which will not precisely model memory collision behavior.
Finished circuit initialization process.
# run all
            20140000
FAIL: rel prime
FAILS           1 TESTS
Stopped at time : 15890700 ns : File "/home/luke/csse232/project/2021a-project-2v/implementation/aluIO/control.v" Line 58
INFO: There is another simulation running in the same directory. Using database file name isim1.wdb.
ISim P.20131013 (signature 0xfbc00daa)
----------------------------------------------------------------------
INFO:Security:50 - The XILINXD_LICENSE_FILE environment variable is set to '2100@ise.csse.rose-hulman.edu'.
INFO:Security:53 - The LM_LICENSE_FILE environment variable is not set.
WARNING:Security:43 - No license file was found in the standard Xilinx license directory.
WARNING:Security:44 - Since no license file was found,
       please run the Xilinx License Configuration Manager
       (xlcm or "Manage Xilinx Licenses")
       to assist in obtaining a license.
WARNING:Security:42 - Your software subscription period has lapsed. Your current version of Xilinx tools will continue to function, but you no longer qualify for Xilinx software updates or new releases.


----------------------------------------------------------------------
This is a Full version of ISim.
WARNING:  For instance uut/adder/, width 4 of formal port Oper is not equal to width 32 of actual constant.
WARNING:  For instance uut/adder/, width 16 of formal port B is not equal to width 32 of actual constant.
WARNING:  For instance uut/inst_memory/, width 1 of formal port wea is not equal to width 32 of actual constant.
WARNING:  For instance uut/inst_memory/, width 16 of formal port dina is not equal to width 32 of actual constant.
# run 1000 ns
Simulator is doing circuit initialization process.
 Block Memory Generator CORE Generator module loading initial data...
 Block Memory Generator data initialization complete.
Block Memory Generator CORE Generator module final_processor_tb.uut.inst_memory.inst.\native_mem_module.blk_mem_gen_v7_3_inst  is using a behavioral model for simulation which will not precisely model memory collision behavior.
 Block Memory Generator CORE Generator module loading initial data...
 Block Memory Generator data initialization complete.
Block Memory Generator CORE Generator module final_processor_tb.uut.data_memory.inst.\native_mem_module.blk_mem_gen_v7_3_inst  is using a behavioral model for simulation which will not precisely model memory collision behavior.
Finished circuit initialization process.
# run all
            60140000
FAIL: rel prime
FAILS           1 TESTS
Stopped at time : 15290490 ns : File "/home/luke/csse232/project/2021a-project-2v/implementation/aluIO/final_processor_tb.v" Line 36
INFO: There is another simulation running in the same directory. Using database file name isim1.wdb.
ISim P.20131013 (signature 0xfbc00daa)
----------------------------------------------------------------------
INFO:Security:50 - The XILINXD_LICENSE_FILE environment variable is set to '2100@ise.csse.rose-hulman.edu'.
INFO:Security:53 - The LM_LICENSE_FILE environment variable is not set.
WARNING:Security:43 - No license file was found in the standard Xilinx license directory.
WARNING:Security:44 - Since no license file was found,
       please run the Xilinx License Configuration Manager
       (xlcm or "Manage Xilinx Licenses")
       to assist in obtaining a license.
WARNING:Security:42 - Your software subscription period has lapsed. Your current version of Xilinx tools will continue to function, but you no longer qualify for Xilinx software updates or new releases.


----------------------------------------------------------------------
This is a Full version of ISim.
WARNING:  For instance uut/adder/, width 4 of formal port Oper is not equal to width 32 of actual constant.
WARNING:  For instance uut/adder/, width 16 of formal port B is not equal to width 32 of actual constant.
WARNING:  For instance uut/inst_memory/, width 1 of formal port wea is not equal to width 32 of actual constant.
WARNING:  For instance uut/inst_memory/, width 16 of formal port dina is not equal to width 32 of actual constant.
# run 1000 ns
Simulator is doing circuit initialization process.
 Block Memory Generator CORE Generator module loading initial data...
 Block Memory Generator data initialization complete.
Block Memory Generator CORE Generator module final_processor_tb.uut.inst_memory.inst.\native_mem_module.blk_mem_gen_v7_3_inst  is using a behavioral model for simulation which will not precisely model memory collision behavior.
 Block Memory Generator CORE Generator module loading initial data...
 Block Memory Generator data initialization complete.
Block Memory Generator CORE Generator module final_processor_tb.uut.data_memory.inst.\native_mem_module.blk_mem_gen_v7_3_inst  is using a behavioral model for simulation which will not precisely model memory collision behavior.
Finished circuit initialization process.
# run all
           600140000
FAIL: rel prime
FAILS           1 TESTS
Stopped at time : 16045630 ns : File "/home/luke/csse232/project/2021a-project-2v/implementation/aluIO/final_processor_tb.v" Line 36
INFO: There is another simulation running in the same directory. Using database file name isim1.wdb.
ISim P.20131013 (signature 0xfbc00daa)
----------------------------------------------------------------------
INFO:Security:50 - The XILINXD_LICENSE_FILE environment variable is set to '2100@ise.csse.rose-hulman.edu'.
INFO:Security:53 - The LM_LICENSE_FILE environment variable is not set.
WARNING:Security:43 - No license file was found in the standard Xilinx license directory.
WARNING:Security:44 - Since no license file was found,
       please run the Xilinx License Configuration Manager
       (xlcm or "Manage Xilinx Licenses")
       to assist in obtaining a license.
WARNING:Security:42 - Your software subscription period has lapsed. Your current version of Xilinx tools will continue to function, but you no longer qualify for Xilinx software updates or new releases.


----------------------------------------------------------------------
This is a Full version of ISim.
WARNING:  For instance uut/adder/, width 4 of formal port Oper is not equal to width 32 of actual constant.
WARNING:  For instance uut/adder/, width 16 of formal port B is not equal to width 32 of actual constant.
WARNING:  For instance uut/inst_memory/, width 1 of formal port wea is not equal to width 32 of actual constant.
WARNING:  For instance uut/inst_memory/, width 16 of formal port dina is not equal to width 32 of actual constant.
# run 1000 ns
Simulator is doing circuit initialization process.
 Block Memory Generator CORE Generator module loading initial data...
 Block Memory Generator data initialization complete.
Block Memory Generator CORE Generator module final_processor_tb.uut.inst_memory.inst.\native_mem_module.blk_mem_gen_v7_3_inst  is using a behavioral model for simulation which will not precisely model memory collision behavior.
 Block Memory Generator CORE Generator module loading initial data...
 Block Memory Generator data initialization complete.
Block Memory Generator CORE Generator module final_processor_tb.uut.data_memory.inst.\native_mem_module.blk_mem_gen_v7_3_inst  is using a behavioral model for simulation which will not precisely model memory collision behavior.
Finished circuit initialization process.
# run all
ALL TESTS PASSED
Stopped at time : 26615630 ns : File "/home/luke/csse232/project/2021a-project-2v/implementation/aluIO/final_processor_tb.v" Line 36
INFO: There is another simulation running in the same directory. Using database file name isim1.wdb.
ISim P.20131013 (signature 0xfbc00daa)
----------------------------------------------------------------------
INFO:Security:50 - The XILINXD_LICENSE_FILE environment variable is set to '2100@ise.csse.rose-hulman.edu'.
INFO:Security:53 - The LM_LICENSE_FILE environment variable is not set.
WARNING:Security:43 - No license file was found in the standard Xilinx license directory.
WARNING:Security:44 - Since no license file was found,
       please run the Xilinx License Configuration Manager
       (xlcm or "Manage Xilinx Licenses")
       to assist in obtaining a license.
WARNING:Security:42 - Your software subscription period has lapsed. Your current version of Xilinx tools will continue to function, but you no longer qualify for Xilinx software updates or new releases.


----------------------------------------------------------------------
This is a Full version of ISim.
WARNING:  For instance uut/adder/, width 4 of formal port Oper is not equal to width 32 of actual constant.
WARNING:  For instance uut/adder/, width 16 of formal port B is not equal to width 32 of actual constant.
WARNING:  For instance uut/inst_memory/, width 1 of formal port wea is not equal to width 32 of actual constant.
WARNING:  For instance uut/inst_memory/, width 16 of formal port dina is not equal to width 32 of actual constant.
# run 1000 ns
Simulator is doing circuit initialization process.
 Block Memory Generator CORE Generator module loading initial data...
 Block Memory Generator data initialization complete.
Block Memory Generator CORE Generator module final_processor_tb.uut.inst_memory.inst.\native_mem_module.blk_mem_gen_v7_3_inst  is using a behavioral model for simulation which will not precisely model memory collision behavior.
 Block Memory Generator CORE Generator module loading initial data...
 Block Memory Generator data initialization complete.
Block Memory Generator CORE Generator module final_processor_tb.uut.data_memory.inst.\native_mem_module.blk_mem_gen_v7_3_inst  is using a behavioral model for simulation which will not precisely model memory collision behavior.
Finished circuit initialization process.
# run all
          6000140000
ALL TESTS PASSED
Stopped at time : 20740200 ns : File "/home/luke/csse232/project/2021a-project-2v/implementation/aluIO/register_stack.v" Line 29
# exit 0
